═══════════════════════════════════════════════
 GIFER — WebP Conversion Log (.NET mode)
 Fecha   : 2026-02-24 20:29
 Calidad : 82
═══════════════════════════════════════════════

[OK] pasos-de-compra-2.png | 157.1KB → 17KB | -89%
[OK] pasos-de-compra-3.png | 179.5KB → 19.9KB | -89%
[OK] pasos-de-compra1.png | 152.4KB → 38.9KB | -74%
[OK] bf.jpg | 14.6KB → 2.7KB | -82%
[OK] bridgestone.jpg | 8.9KB → 2.3KB | -74%
[OK] coopertires.jpg | 3.6KB → 1.9KB | -47%
[OK] firestone.jpg | 12.4KB → 2.1KB | -83%
[OK] hankook.jpg | 8KB → 2KB | -75%
[OK] kumo.jpg | 5.3KB → 2.9KB | -45%
[OK] marshall.jpg | 4.2KB → 1.7KB | -60%
[OK] michelin.jpg | 11.3KB → 2.3KB | -80%
[OK] pirelli.jpg | 10.1KB → 1.3KB | -87%
[OK] roadstone.jpg | 5KB → 2.8KB | -44%
[OK] fig01.png | 196.5KB → 27.2KB | -86%
[OK] fig02.png | 218.6KB → 30.7KB | -86%
[OK] fig03.png | 196.1KB → 24.5KB | -88%
[OK] fig04.png | 200.1KB → 23.8KB | -88%
[OK] fig05.png | 212.2KB → 26.4KB | -88%
